2021-09-08 08:25:17.047  INFO 22540 --- [main] com.example.EMS_UST.EmsUstApplication    : Starting EmsUstApplication using Java 15.0.2 on SARAVANANR with PID 22540 (C:\Users\SARAVANAN R\Downloads\EMS_UST\target\classes started by SARAVANANR in C:\Users\SARAVANAN R\Downloads\EMS_UST)
2021-09-08 08:25:17.065  INFO 22540 --- [main] com.example.EMS_UST.EmsUstApplication    : No active profile set, falling back to default profiles: default
2021-09-08 08:25:18.981  INFO 22540 --- [main] .s.d.r.c.RepositoryConfigurationDelegate : Bootstrapping Spring Data JPA repositories in DEFAULT mode.
2021-09-08 08:25:19.084  INFO 22540 --- [main] .s.d.r.c.RepositoryConfigurationDelegate : Finished Spring Data repository scanning in 84 ms. Found 1 JPA repository interfaces.
2021-09-08 08:25:20.216  INFO 22540 --- [main] o.s.b.w.embedded.tomcat.TomcatWebServer  : Tomcat initialized with port(s): 8080 (http)
2021-09-08 08:25:20.238  INFO 22540 --- [main] o.apache.catalina.core.StandardService   : Starting service [Tomcat]
2021-09-08 08:25:20.239  INFO 22540 --- [main] org.apache.catalina.core.StandardEngine  : Starting Servlet engine: [Apache Tomcat/9.0.52]
2021-09-08 08:25:20.489  INFO 22540 --- [main] o.a.c.c.C.[Tomcat].[localhost].[/]       : Initializing Spring embedded WebApplicationContext
2021-09-08 08:25:20.493  INFO 22540 --- [main] w.s.c.ServletWebServerApplicationContext : Root WebApplicationContext: initialization completed in 3262 ms
2021-09-08 08:25:20.861  INFO 22540 --- [main] o.hibernate.jpa.internal.util.LogHelper  : HHH000204: Processing PersistenceUnitInfo [name: default]
2021-09-08 08:25:20.956  INFO 22540 --- [main] org.hibernate.Version                    : HHH000412: Hibernate ORM core version 5.4.32.Final
2021-09-08 08:25:21.221  INFO 22540 --- [main] o.hibernate.annotations.common.Version   : HCANN000001: Hibernate Commons Annotations {5.1.2.Final}
2021-09-08 08:25:21.431  INFO 22540 --- [main] com.zaxxer.hikari.HikariDataSource       : HikariPool-1 - Starting...
2021-09-08 08:25:21.436  WARN 22540 --- [main] com.zaxxer.hikari.util.DriverDataSource  : Registered driver with driverClassName=com.mysql.jdbc.Driver was not found, trying direct instantiation.
2021-09-08 08:25:22.107  INFO 22540 --- [main] com.zaxxer.hikari.HikariDataSource       : HikariPool-1 - Start completed.
2021-09-08 08:25:22.142  INFO 22540 --- [main] org.hibernate.dialect.Dialect            : HHH000400: Using dialect: org.hibernate.dialect.MySQL5InnoDBDialect
2021-09-08 08:25:23.293  INFO 22540 --- [main] o.h.e.t.j.p.i.JtaPlatformInitiator       : HHH000490: Using JtaPlatform implementation: [org.hibernate.engine.transaction.jta.platform.internal.NoJtaPlatform]
2021-09-08 08:25:23.310  INFO 22540 --- [main] j.LocalContainerEntityManagerFactoryBean : Initialized JPA EntityManagerFactory for persistence unit 'default'
2021-09-08 08:25:23.847  WARN 22540 --- [main] JpaBaseConfiguration$JpaWebConfiguration : spring.jpa.open-in-view is enabled by default. Therefore, database queries may be performed during view rendering. Explicitly configure spring.jpa.open-in-view to disable this warning
2021-09-08 08:25:24.473  INFO 22540 --- [main] .s.s.UserDetailsServiceAutoConfiguration : 

Using generated security password: 84109d13-8404-4dad-9b8b-a2010744f7ee

2021-09-08 08:25:24.773  INFO 22540 --- [main] o.s.s.web.DefaultSecurityFilterChain     : Will secure any request with [org.springframework.security.web.context.request.async.WebAsyncManagerIntegrationFilter@573f2e67, org.springframework.security.web.context.SecurityContextPersistenceFilter@a20898c, org.springframework.security.web.header.HeaderWriterFilter@74ee97cb, org.springframework.security.web.csrf.CsrfFilter@33f4844b, org.springframework.security.web.authentication.logout.LogoutFilter@5eae392d, org.springframework.security.web.authentication.UsernamePasswordAuthenticationFilter@e2ee348, org.springframework.security.web.authentication.ui.DefaultLoginPageGeneratingFilter@1b881f1f, org.springframework.security.web.authentication.ui.DefaultLogoutPageGeneratingFilter@5d449307, org.springframework.security.web.authentication.www.BasicAuthenticationFilter@63af52a6, org.springframework.security.web.savedrequest.RequestCacheAwareFilter@22d47f09, org.springframework.security.web.servletapi.SecurityContextHolderAwareRequestFilter@281963c, org.springframework.security.web.authentication.AnonymousAuthenticationFilter@44e7c06b, org.springframework.security.web.session.SessionManagementFilter@7c50709a, org.springframework.security.web.access.ExceptionTranslationFilter@4b4228cf, org.springframework.security.web.access.intercept.FilterSecurityInterceptor@1a05ff8e]
2021-09-08 08:25:24.981  INFO 22540 --- [main] o.s.b.w.embedded.tomcat.TomcatWebServer  : Tomcat started on port(s): 8080 (http) with context path ''
2021-09-08 08:25:24.992  INFO 22540 --- [main] com.example.EMS_UST.EmsUstApplication    : Started EmsUstApplication in 8.738 seconds (JVM running for 10.666)
2021-09-08 08:26:17.460  INFO 22540 --- [http-nio-8080-exec-2] o.a.c.c.C.[Tomcat].[localhost].[/]       : Initializing Spring DispatcherServlet 'dispatcherServlet'
2021-09-08 08:26:17.462  INFO 22540 --- [http-nio-8080-exec-2] o.s.web.servlet.DispatcherServlet        : Initializing Servlet 'dispatcherServlet'
2021-09-08 08:26:17.465  INFO 22540 --- [http-nio-8080-exec-2] o.s.web.servlet.DispatcherServlet        : Completed initialization in 2 ms
2021-09-08 08:26:17.704  WARN 22540 --- [http-nio-8080-exec-2] o.a.c.util.SessionIdGeneratorBase        : Creation of SecureRandom instance for session ID generation using [SHA1PRNG] took [131] milliseconds.
2021-09-08 08:46:07.716  INFO 22540 --- [RMI TCP Connection(24)-127.0.0.1] inMXBeanRegistrar$SpringApplicationAdmin : Application shutdown requested.
2021-09-08 08:46:07.829  INFO 22540 --- [RMI TCP Connection(24)-127.0.0.1] j.LocalContainerEntityManagerFactoryBean : Closing JPA EntityManagerFactory for persistence unit 'default'
2021-09-08 08:46:07.839  INFO 22540 --- [RMI TCP Connection(24)-127.0.0.1] com.zaxxer.hikari.HikariDataSource       : HikariPool-1 - Shutdown initiated...
2021-09-08 08:46:07.880  INFO 22540 --- [RMI TCP Connection(24)-127.0.0.1] com.zaxxer.hikari.HikariDataSource       : HikariPool-1 - Shutdown completed.
2021-09-08 10:17:07.626  INFO 20884 --- [main] c.e.EMS_UST.EmsUstApplicationTests       : Starting EmsUstApplicationTests using Java 15.0.2 on SARAVANANR with PID 20884 (started by SARAVANANR in C:\Users\SARAVANAN R\git\SpringBootUST\EMS_UST)
2021-09-08 10:17:07.635  INFO 20884 --- [main] c.e.EMS_UST.EmsUstApplicationTests       : No active profile set, falling back to default profiles: default
2021-09-08 10:17:09.626  INFO 20884 --- [main] .s.d.r.c.RepositoryConfigurationDelegate : Bootstrapping Spring Data JPA repositories in DEFAULT mode.
2021-09-08 10:17:09.844  INFO 20884 --- [main] .s.d.r.c.RepositoryConfigurationDelegate : Finished Spring Data repository scanning in 188 ms. Found 1 JPA repository interfaces.
2021-09-08 10:17:11.714  INFO 20884 --- [main] o.hibernate.jpa.internal.util.LogHelper  : HHH000204: Processing PersistenceUnitInfo [name: default]
2021-09-08 10:17:11.884  INFO 20884 --- [main] org.hibernate.Version                    : HHH000412: Hibernate ORM core version 5.4.32.Final
2021-09-08 10:17:12.324  INFO 20884 --- [main] o.hibernate.annotations.common.Version   : HCANN000001: Hibernate Commons Annotations {5.1.2.Final}
2021-09-08 10:17:12.866  INFO 20884 --- [main] com.zaxxer.hikari.HikariDataSource       : HikariPool-1 - Starting...
2021-09-08 10:17:12.875  WARN 20884 --- [main] com.zaxxer.hikari.util.DriverDataSource  : Registered driver with driverClassName=com.mysql.jdbc.Driver was not found, trying direct instantiation.
2021-09-08 10:17:13.862  INFO 20884 --- [main] com.zaxxer.hikari.HikariDataSource       : HikariPool-1 - Start completed.
2021-09-08 10:17:13.930  INFO 20884 --- [main] org.hibernate.dialect.Dialect            : HHH000400: Using dialect: org.hibernate.dialect.MySQL5InnoDBDialect
2021-09-08 10:17:15.879  INFO 20884 --- [main] o.h.e.t.j.p.i.JtaPlatformInitiator       : HHH000490: Using JtaPlatform implementation: [org.hibernate.engine.transaction.jta.platform.internal.NoJtaPlatform]
2021-09-08 10:17:15.907  INFO 20884 --- [main] j.LocalContainerEntityManagerFactoryBean : Initialized JPA EntityManagerFactory for persistence unit 'default'
2021-09-08 10:17:17.711  WARN 20884 --- [main] JpaBaseConfiguration$JpaWebConfiguration : spring.jpa.open-in-view is enabled by default. Therefore, database queries may be performed during view rendering. Explicitly configure spring.jpa.open-in-view to disable this warning
2021-09-08 10:17:19.875  INFO 20884 --- [main] c.e.EMS_UST.EmsUstApplicationTests       : Started EmsUstApplicationTests in 13.121 seconds (JVM running for 16.484)
2021-09-08 10:17:20.734  INFO 20884 --- [SpringApplicationShutdownHook] j.LocalContainerEntityManagerFactoryBean : Closing JPA EntityManagerFactory for persistence unit 'default'
2021-09-08 10:17:20.740  INFO 20884 --- [SpringApplicationShutdownHook] com.zaxxer.hikari.HikariDataSource       : HikariPool-1 - Shutdown initiated...
2021-09-08 10:17:20.776  INFO 20884 --- [SpringApplicationShutdownHook] com.zaxxer.hikari.HikariDataSource       : HikariPool-1 - Shutdown completed.
2021-09-08 10:21:00.628  INFO 19756 --- [main] c.e.EMS_UST.EmsUstApplicationTests       : Starting EmsUstApplicationTests using Java 15.0.2 on SARAVANANR with PID 19756 (started by SARAVANANR in C:\Users\SARAVANAN R\git\SpringBootUST\EMS_UST)
2021-09-08 10:21:00.634  INFO 19756 --- [main] c.e.EMS_UST.EmsUstApplicationTests       : No active profile set, falling back to default profiles: default
2021-09-08 10:21:02.460  INFO 19756 --- [main] .s.d.r.c.RepositoryConfigurationDelegate : Bootstrapping Spring Data JPA repositories in DEFAULT mode.
2021-09-08 10:21:02.649  INFO 19756 --- [main] .s.d.r.c.RepositoryConfigurationDelegate : Finished Spring Data repository scanning in 162 ms. Found 1 JPA repository interfaces.
2021-09-08 10:21:04.560  INFO 19756 --- [main] o.hibernate.jpa.internal.util.LogHelper  : HHH000204: Processing PersistenceUnitInfo [name: default]
2021-09-08 10:21:04.742  INFO 19756 --- [main] org.hibernate.Version                    : HHH000412: Hibernate ORM core version 5.4.32.Final
2021-09-08 10:21:05.114  INFO 19756 --- [main] o.hibernate.annotations.common.Version   : HCANN000001: Hibernate Commons Annotations {5.1.2.Final}
2021-09-08 10:21:05.519  INFO 19756 --- [main] com.zaxxer.hikari.HikariDataSource       : HikariPool-1 - Starting...
2021-09-08 10:21:05.532  WARN 19756 --- [main] com.zaxxer.hikari.util.DriverDataSource  : Registered driver with driverClassName=com.mysql.jdbc.Driver was not found, trying direct instantiation.
2021-09-08 10:21:06.413  INFO 19756 --- [main] com.zaxxer.hikari.HikariDataSource       : HikariPool-1 - Start completed.
2021-09-08 10:21:06.462  INFO 19756 --- [main] org.hibernate.dialect.Dialect            : HHH000400: Using dialect: org.hibernate.dialect.MySQL5InnoDBDialect
2021-09-08 10:21:08.382  INFO 19756 --- [main] o.h.e.t.j.p.i.JtaPlatformInitiator       : HHH000490: Using JtaPlatform implementation: [org.hibernate.engine.transaction.jta.platform.internal.NoJtaPlatform]
2021-09-08 10:21:08.407  INFO 19756 --- [main] j.LocalContainerEntityManagerFactoryBean : Initialized JPA EntityManagerFactory for persistence unit 'default'
2021-09-08 10:21:10.124  WARN 19756 --- [main] JpaBaseConfiguration$JpaWebConfiguration : spring.jpa.open-in-view is enabled by default. Therefore, database queries may be performed during view rendering. Explicitly configure spring.jpa.open-in-view to disable this warning
2021-09-08 10:21:12.187  INFO 19756 --- [main] c.e.EMS_UST.EmsUstApplicationTests       : Started EmsUstApplicationTests in 12.6 seconds (JVM running for 15.909)
2021-09-08 10:21:12.832  INFO 19756 --- [SpringApplicationShutdownHook] j.LocalContainerEntityManagerFactoryBean : Closing JPA EntityManagerFactory for persistence unit 'default'
2021-09-08 10:21:12.845  INFO 19756 --- [SpringApplicationShutdownHook] com.zaxxer.hikari.HikariDataSource       : HikariPool-1 - Shutdown initiated...
2021-09-08 10:21:12.874  INFO 19756 --- [SpringApplicationShutdownHook] com.zaxxer.hikari.HikariDataSource       : HikariPool-1 - Shutdown completed.
2021-09-08 10:23:39.853  INFO 3196 --- [main] c.e.EMS_UST.EmsUstApplicationTests       : Starting EmsUstApplicationTests using Java 15.0.2 on SARAVANANR with PID 3196 (started by SARAVANANR in C:\Users\SARAVANAN R\git\SpringBootUST\EMS_UST)
2021-09-08 10:23:39.860  INFO 3196 --- [main] c.e.EMS_UST.EmsUstApplicationTests       : No active profile set, falling back to default profiles: default
2021-09-08 10:23:41.626  INFO 3196 --- [main] .s.d.r.c.RepositoryConfigurationDelegate : Bootstrapping Spring Data JPA repositories in DEFAULT mode.
2021-09-08 10:23:41.799  INFO 3196 --- [main] .s.d.r.c.RepositoryConfigurationDelegate : Finished Spring Data repository scanning in 154 ms. Found 1 JPA repository interfaces.
2021-09-08 10:23:43.710  INFO 3196 --- [main] o.hibernate.jpa.internal.util.LogHelper  : HHH000204: Processing PersistenceUnitInfo [name: default]
2021-09-08 10:23:43.863  INFO 3196 --- [main] org.hibernate.Version                    : HHH000412: Hibernate ORM core version 5.4.32.Final
2021-09-08 10:23:44.199  INFO 3196 --- [main] o.hibernate.annotations.common.Version   : HCANN000001: Hibernate Commons Annotations {5.1.2.Final}
2021-09-08 10:23:44.575  INFO 3196 --- [main] com.zaxxer.hikari.HikariDataSource       : HikariPool-1 - Starting...
2021-09-08 10:23:44.598  WARN 3196 --- [main] com.zaxxer.hikari.util.DriverDataSource  : Registered driver with driverClassName=com.mysql.jdbc.Driver was not found, trying direct instantiation.
2021-09-08 10:23:45.410  INFO 3196 --- [main] com.zaxxer.hikari.HikariDataSource       : HikariPool-1 - Start completed.
2021-09-08 10:23:45.471  INFO 3196 --- [main] org.hibernate.dialect.Dialect            : HHH000400: Using dialect: org.hibernate.dialect.MySQL5InnoDBDialect
2021-09-08 10:23:47.498  INFO 3196 --- [main] o.h.e.t.j.p.i.JtaPlatformInitiator       : HHH000490: Using JtaPlatform implementation: [org.hibernate.engine.transaction.jta.platform.internal.NoJtaPlatform]
2021-09-08 10:23:47.525  INFO 3196 --- [main] j.LocalContainerEntityManagerFactoryBean : Initialized JPA EntityManagerFactory for persistence unit 'default'
2021-09-08 10:23:49.243  WARN 3196 --- [main] JpaBaseConfiguration$JpaWebConfiguration : spring.jpa.open-in-view is enabled by default. Therefore, database queries may be performed during view rendering. Explicitly configure spring.jpa.open-in-view to disable this warning
2021-09-08 10:23:51.302  INFO 3196 --- [main] c.e.EMS_UST.EmsUstApplicationTests       : Started EmsUstApplicationTests in 12.33 seconds (JVM running for 15.336)
2021-09-08 10:23:52.148  INFO 3196 --- [SpringApplicationShutdownHook] j.LocalContainerEntityManagerFactoryBean : Closing JPA EntityManagerFactory for persistence unit 'default'
2021-09-08 10:23:52.166  INFO 3196 --- [SpringApplicationShutdownHook] com.zaxxer.hikari.HikariDataSource       : HikariPool-1 - Shutdown initiated...
2021-09-08 10:23:52.197  INFO 3196 --- [SpringApplicationShutdownHook] com.zaxxer.hikari.HikariDataSource       : HikariPool-1 - Shutdown completed.
2021-09-08 10:24:24.917  INFO 13840 --- [main] c.e.EMS_UST.EmsUstApplicationTests       : Starting EmsUstApplicationTests using Java 15.0.2 on SARAVANANR with PID 13840 (started by SARAVANANR in C:\Users\SARAVANAN R\git\SpringBootUST\EMS_UST)
2021-09-08 10:24:24.926  INFO 13840 --- [main] c.e.EMS_UST.EmsUstApplicationTests       : No active profile set, falling back to default profiles: default
2021-09-08 10:24:26.848  INFO 13840 --- [main] .s.d.r.c.RepositoryConfigurationDelegate : Bootstrapping Spring Data JPA repositories in DEFAULT mode.
2021-09-08 10:24:27.018  INFO 13840 --- [main] .s.d.r.c.RepositoryConfigurationDelegate : Finished Spring Data repository scanning in 143 ms. Found 1 JPA repository interfaces.
2021-09-08 10:24:28.878  INFO 13840 --- [main] o.hibernate.jpa.internal.util.LogHelper  : HHH000204: Processing PersistenceUnitInfo [name: default]
2021-09-08 10:24:29.022  INFO 13840 --- [main] org.hibernate.Version                    : HHH000412: Hibernate ORM core version 5.4.32.Final
2021-09-08 10:24:29.361  INFO 13840 --- [main] o.hibernate.annotations.common.Version   : HCANN000001: Hibernate Commons Annotations {5.1.2.Final}
2021-09-08 10:24:29.777  INFO 13840 --- [main] com.zaxxer.hikari.HikariDataSource       : HikariPool-1 - Starting...
2021-09-08 10:24:29.794  WARN 13840 --- [main] com.zaxxer.hikari.util.DriverDataSource  : Registered driver with driverClassName=com.mysql.jdbc.Driver was not found, trying direct instantiation.
2021-09-08 10:24:30.643  INFO 13840 --- [main] com.zaxxer.hikari.HikariDataSource       : HikariPool-1 - Start completed.
2021-09-08 10:24:30.701  INFO 13840 --- [main] org.hibernate.dialect.Dialect            : HHH000400: Using dialect: org.hibernate.dialect.MySQL5InnoDBDialect
2021-09-08 10:24:32.557  INFO 13840 --- [main] o.h.e.t.j.p.i.JtaPlatformInitiator       : HHH000490: Using JtaPlatform implementation: [org.hibernate.engine.transaction.jta.platform.internal.NoJtaPlatform]
2021-09-08 10:24:32.573  INFO 13840 --- [main] j.LocalContainerEntityManagerFactoryBean : Initialized JPA EntityManagerFactory for persistence unit 'default'
2021-09-08 10:24:34.132  WARN 13840 --- [main] JpaBaseConfiguration$JpaWebConfiguration : spring.jpa.open-in-view is enabled by default. Therefore, database queries may be performed during view rendering. Explicitly configure spring.jpa.open-in-view to disable this warning
2021-09-08 10:24:36.142  INFO 13840 --- [main] c.e.EMS_UST.EmsUstApplicationTests       : Started EmsUstApplicationTests in 12.076 seconds (JVM running for 15.363)
2021-09-08 10:24:37.173  INFO 13840 --- [SpringApplicationShutdownHook] j.LocalContainerEntityManagerFactoryBean : Closing JPA EntityManagerFactory for persistence unit 'default'
2021-09-08 10:24:37.179  INFO 13840 --- [SpringApplicationShutdownHook] com.zaxxer.hikari.HikariDataSource       : HikariPool-1 - Shutdown initiated...
2021-09-08 10:24:37.212  INFO 13840 --- [SpringApplicationShutdownHook] com.zaxxer.hikari.HikariDataSource       : HikariPool-1 - Shutdown completed.
2021-09-08 10:46:48.191  INFO 14840 --- [main] c.e.EMS_UST.EmsUstApplicationTests       : Starting EmsUstApplicationTests using Java 15.0.2 on SARAVANANR with PID 14840 (started by SARAVANANR in C:\Users\SARAVANAN R\git\SpringBootUST\EMS_UST)
2021-09-08 10:46:48.201  INFO 14840 --- [main] c.e.EMS_UST.EmsUstApplicationTests       : No active profile set, falling back to default profiles: default
2021-09-08 10:46:50.055  INFO 14840 --- [main] .s.d.r.c.RepositoryConfigurationDelegate : Bootstrapping Spring Data JPA repositories in DEFAULT mode.
2021-09-08 10:46:50.248  INFO 14840 --- [main] .s.d.r.c.RepositoryConfigurationDelegate : Finished Spring Data repository scanning in 164 ms. Found 1 JPA repository interfaces.
2021-09-08 10:46:52.096  INFO 14840 --- [main] o.hibernate.jpa.internal.util.LogHelper  : HHH000204: Processing PersistenceUnitInfo [name: default]
2021-09-08 10:46:52.235  INFO 14840 --- [main] org.hibernate.Version                    : HHH000412: Hibernate ORM core version 5.4.32.Final
2021-09-08 10:46:52.574  INFO 14840 --- [main] o.hibernate.annotations.common.Version   : HCANN000001: Hibernate Commons Annotations {5.1.2.Final}
2021-09-08 10:46:52.975  INFO 14840 --- [main] com.zaxxer.hikari.HikariDataSource       : HikariPool-1 - Starting...
2021-09-08 10:46:52.986  WARN 14840 --- [main] com.zaxxer.hikari.util.DriverDataSource  : Registered driver with driverClassName=com.mysql.jdbc.Driver was not found, trying direct instantiation.
2021-09-08 10:46:53.836  INFO 14840 --- [main] com.zaxxer.hikari.HikariDataSource       : HikariPool-1 - Start completed.
2021-09-08 10:46:53.892  INFO 14840 --- [main] org.hibernate.dialect.Dialect            : HHH000400: Using dialect: org.hibernate.dialect.MySQL5InnoDBDialect
2021-09-08 10:46:55.809  INFO 14840 --- [main] o.h.e.t.j.p.i.JtaPlatformInitiator       : HHH000490: Using JtaPlatform implementation: [org.hibernate.engine.transaction.jta.platform.internal.NoJtaPlatform]
2021-09-08 10:46:55.824  INFO 14840 --- [main] j.LocalContainerEntityManagerFactoryBean : Initialized JPA EntityManagerFactory for persistence unit 'default'
2021-09-08 10:46:57.443  WARN 14840 --- [main] JpaBaseConfiguration$JpaWebConfiguration : spring.jpa.open-in-view is enabled by default. Therefore, database queries may be performed during view rendering. Explicitly configure spring.jpa.open-in-view to disable this warning
2021-09-08 10:46:59.482  INFO 14840 --- [main] c.e.EMS_UST.EmsUstApplicationTests       : Started EmsUstApplicationTests in 12.393 seconds (JVM running for 15.55)
2021-09-08 10:47:01.022  INFO 14840 --- [SpringApplicationShutdownHook] j.LocalContainerEntityManagerFactoryBean : Closing JPA EntityManagerFactory for persistence unit 'default'
2021-09-08 10:47:01.027  INFO 14840 --- [SpringApplicationShutdownHook] com.zaxxer.hikari.HikariDataSource       : HikariPool-1 - Shutdown initiated...
2021-09-08 10:47:01.055  INFO 14840 --- [SpringApplicationShutdownHook] com.zaxxer.hikari.HikariDataSource       : HikariPool-1 - Shutdown completed.
2021-09-08 10:48:41.045  INFO 15632 --- [main] c.e.EMS_UST.EmsUstApplicationTests       : Starting EmsUstApplicationTests using Java 15.0.2 on SARAVANANR with PID 15632 (started by SARAVANANR in C:\Users\SARAVANAN R\git\SpringBootUST\EMS_UST)
2021-09-08 10:48:41.052  INFO 15632 --- [main] c.e.EMS_UST.EmsUstApplicationTests       : No active profile set, falling back to default profiles: default
2021-09-08 10:48:42.879  INFO 15632 --- [main] .s.d.r.c.RepositoryConfigurationDelegate : Bootstrapping Spring Data JPA repositories in DEFAULT mode.
2021-09-08 10:48:43.050  INFO 15632 --- [main] .s.d.r.c.RepositoryConfigurationDelegate : Finished Spring Data repository scanning in 139 ms. Found 1 JPA repository interfaces.
2021-09-08 10:48:44.868  INFO 15632 --- [main] o.hibernate.jpa.internal.util.LogHelper  : HHH000204: Processing PersistenceUnitInfo [name: default]
2021-09-08 10:48:45.037  INFO 15632 --- [main] org.hibernate.Version                    : HHH000412: Hibernate ORM core version 5.4.32.Final
2021-09-08 10:48:45.405  INFO 15632 --- [main] o.hibernate.annotations.common.Version   : HCANN000001: Hibernate Commons Annotations {5.1.2.Final}
2021-09-08 10:48:45.832  INFO 15632 --- [main] com.zaxxer.hikari.HikariDataSource       : HikariPool-1 - Starting...
2021-09-08 10:48:45.849  WARN 15632 --- [main] com.zaxxer.hikari.util.DriverDataSource  : Registered driver with driverClassName=com.mysql.jdbc.Driver was not found, trying direct instantiation.
2021-09-08 10:48:46.805  INFO 15632 --- [main] com.zaxxer.hikari.HikariDataSource       : HikariPool-1 - Start completed.
2021-09-08 10:48:46.860  INFO 15632 --- [main] org.hibernate.dialect.Dialect            : HHH000400: Using dialect: org.hibernate.dialect.MySQL5InnoDBDialect
2021-09-08 10:48:49.114  INFO 15632 --- [main] o.h.e.t.j.p.i.JtaPlatformInitiator       : HHH000490: Using JtaPlatform implementation: [org.hibernate.engine.transaction.jta.platform.internal.NoJtaPlatform]
2021-09-08 10:48:49.142  INFO 15632 --- [main] j.LocalContainerEntityManagerFactoryBean : Initialized JPA EntityManagerFactory for persistence unit 'default'
2021-09-08 10:48:51.098  WARN 15632 --- [main] JpaBaseConfiguration$JpaWebConfiguration : spring.jpa.open-in-view is enabled by default. Therefore, database queries may be performed during view rendering. Explicitly configure spring.jpa.open-in-view to disable this warning
2021-09-08 10:48:53.643  INFO 15632 --- [main] c.e.EMS_UST.EmsUstApplicationTests       : Started EmsUstApplicationTests in 13.532 seconds (JVM running for 16.44)
2021-09-08 10:48:54.886  INFO 15632 --- [SpringApplicationShutdownHook] j.LocalContainerEntityManagerFactoryBean : Closing JPA EntityManagerFactory for persistence unit 'default'
2021-09-08 10:48:54.897  INFO 15632 --- [SpringApplicationShutdownHook] com.zaxxer.hikari.HikariDataSource       : HikariPool-1 - Shutdown initiated...
2021-09-08 10:48:54.926  INFO 15632 --- [SpringApplicationShutdownHook] com.zaxxer.hikari.HikariDataSource       : HikariPool-1 - Shutdown completed.
2021-09-08 10:50:32.422  INFO 10196 --- [main] c.e.EMS_UST.EmsUstApplicationTests       : Starting EmsUstApplicationTests using Java 15.0.2 on SARAVANANR with PID 10196 (started by SARAVANANR in C:\Users\SARAVANAN R\git\SpringBootUST\EMS_UST)
2021-09-08 10:50:32.430  INFO 10196 --- [main] c.e.EMS_UST.EmsUstApplicationTests       : No active profile set, falling back to default profiles: default
2021-09-08 10:50:34.336  INFO 10196 --- [main] .s.d.r.c.RepositoryConfigurationDelegate : Bootstrapping Spring Data JPA repositories in DEFAULT mode.
2021-09-08 10:50:34.515  INFO 10196 --- [main] .s.d.r.c.RepositoryConfigurationDelegate : Finished Spring Data repository scanning in 158 ms. Found 1 JPA repository interfaces.
2021-09-08 10:50:36.336  INFO 10196 --- [main] o.hibernate.jpa.internal.util.LogHelper  : HHH000204: Processing PersistenceUnitInfo [name: default]
2021-09-08 10:50:36.482  INFO 10196 --- [main] org.hibernate.Version                    : HHH000412: Hibernate ORM core version 5.4.32.Final
2021-09-08 10:50:36.828  INFO 10196 --- [main] o.hibernate.annotations.common.Version   : HCANN000001: Hibernate Commons Annotations {5.1.2.Final}
2021-09-08 10:50:37.249  INFO 10196 --- [main] com.zaxxer.hikari.HikariDataSource       : HikariPool-1 - Starting...
2021-09-08 10:50:37.264  WARN 10196 --- [main] com.zaxxer.hikari.util.DriverDataSource  : Registered driver with driverClassName=com.mysql.jdbc.Driver was not found, trying direct instantiation.
2021-09-08 10:50:38.153  INFO 10196 --- [main] com.zaxxer.hikari.HikariDataSource       : HikariPool-1 - Start completed.
2021-09-08 10:50:38.210  INFO 10196 --- [main] org.hibernate.dialect.Dialect            : HHH000400: Using dialect: org.hibernate.dialect.MySQL5InnoDBDialect
2021-09-08 10:50:40.118  INFO 10196 --- [main] o.h.e.t.j.p.i.JtaPlatformInitiator       : HHH000490: Using JtaPlatform implementation: [org.hibernate.engine.transaction.jta.platform.internal.NoJtaPlatform]
2021-09-08 10:50:40.143  INFO 10196 --- [main] j.LocalContainerEntityManagerFactoryBean : Initialized JPA EntityManagerFactory for persistence unit 'default'
2021-09-08 10:50:41.680  WARN 10196 --- [main] JpaBaseConfiguration$JpaWebConfiguration : spring.jpa.open-in-view is enabled by default. Therefore, database queries may be performed during view rendering. Explicitly configure spring.jpa.open-in-view to disable this warning
2021-09-08 10:50:43.684  INFO 10196 --- [main] c.e.EMS_UST.EmsUstApplicationTests       : Started EmsUstApplicationTests in 12.109 seconds (JVM running for 15.104)
2021-09-08 10:50:44.722  INFO 10196 --- [SpringApplicationShutdownHook] j.LocalContainerEntityManagerFactoryBean : Closing JPA EntityManagerFactory for persistence unit 'default'
2021-09-08 10:50:44.735  INFO 10196 --- [SpringApplicationShutdownHook] com.zaxxer.hikari.HikariDataSource       : HikariPool-1 - Shutdown initiated...
2021-09-08 10:50:44.777  INFO 10196 --- [SpringApplicationShutdownHook] com.zaxxer.hikari.HikariDataSource       : HikariPool-1 - Shutdown completed.
2021-09-08 10:51:37.302  INFO 22872 --- [main] c.e.EMS_UST.EmsUstApplicationTests       : Starting EmsUstApplicationTests using Java 15.0.2 on SARAVANANR with PID 22872 (started by SARAVANANR in C:\Users\SARAVANAN R\git\SpringBootUST\EMS_UST)
2021-09-08 10:51:37.314  INFO 22872 --- [main] c.e.EMS_UST.EmsUstApplicationTests       : No active profile set, falling back to default profiles: default
2021-09-08 10:51:39.205  INFO 22872 --- [main] .s.d.r.c.RepositoryConfigurationDelegate : Bootstrapping Spring Data JPA repositories in DEFAULT mode.
2021-09-08 10:51:39.371  INFO 22872 --- [main] .s.d.r.c.RepositoryConfigurationDelegate : Finished Spring Data repository scanning in 143 ms. Found 1 JPA repository interfaces.
2021-09-08 10:51:41.002  INFO 22872 --- [main] o.hibernate.jpa.internal.util.LogHelper  : HHH000204: Processing PersistenceUnitInfo [name: default]
2021-09-08 10:51:41.139  INFO 22872 --- [main] org.hibernate.Version                    : HHH000412: Hibernate ORM core version 5.4.32.Final
2021-09-08 10:51:41.483  INFO 22872 --- [main] o.hibernate.annotations.common.Version   : HCANN000001: Hibernate Commons Annotations {5.1.2.Final}
2021-09-08 10:51:41.868  INFO 22872 --- [main] com.zaxxer.hikari.HikariDataSource       : HikariPool-1 - Starting...
2021-09-08 10:51:41.876  WARN 22872 --- [main] com.zaxxer.hikari.util.DriverDataSource  : Registered driver with driverClassName=com.mysql.jdbc.Driver was not found, trying direct instantiation.
2021-09-08 10:51:42.770  INFO 22872 --- [main] com.zaxxer.hikari.HikariDataSource       : HikariPool-1 - Start completed.
2021-09-08 10:51:42.819  INFO 22872 --- [main] org.hibernate.dialect.Dialect            : HHH000400: Using dialect: org.hibernate.dialect.MySQL5InnoDBDialect
2021-09-08 10:51:44.697  INFO 22872 --- [main] o.h.e.t.j.p.i.JtaPlatformInitiator       : HHH000490: Using JtaPlatform implementation: [org.hibernate.engine.transaction.jta.platform.internal.NoJtaPlatform]
2021-09-08 10:51:44.725  INFO 22872 --- [main] j.LocalContainerEntityManagerFactoryBean : Initialized JPA EntityManagerFactory for persistence unit 'default'
2021-09-08 10:51:46.454  WARN 22872 --- [main] JpaBaseConfiguration$JpaWebConfiguration : spring.jpa.open-in-view is enabled by default. Therefore, database queries may be performed during view rendering. Explicitly configure spring.jpa.open-in-view to disable this warning
2021-09-08 10:51:48.672  INFO 22872 --- [main] c.e.EMS_UST.EmsUstApplicationTests       : Started EmsUstApplicationTests in 12.313 seconds (JVM running for 15.536)
2021-09-08 10:51:49.785  INFO 22872 --- [SpringApplicationShutdownHook] j.LocalContainerEntityManagerFactoryBean : Closing JPA EntityManagerFactory for persistence unit 'default'
2021-09-08 10:51:49.798  INFO 22872 --- [SpringApplicationShutdownHook] com.zaxxer.hikari.HikariDataSource       : HikariPool-1 - Shutdown initiated...
2021-09-08 10:51:49.834  INFO 22872 --- [SpringApplicationShutdownHook] com.zaxxer.hikari.HikariDataSource       : HikariPool-1 - Shutdown completed.
